#
# A fatal error has been detected by the Java Runtime Environment:
#
#  SIGFPE (0x8) at pc=0x0000000127c826e3, pid=16165, tid=0x0000000000001303
#
# JRE version: Java(TM) SE Runtime Environment (8.0_121-b13) (build 1.8.0_121-b13)
# Java VM: Java HotSpot(TM) 64-Bit Server VM (25.121-b13 mixed mode bsd-amd64 compressed oops)
# Problematic frame:
# C  [libopencv_core.3.2.dylib+0xd6e3]  cv::inRange(cv::_InputArray const&, cv::_InputArray const&, cv::_InputArray const&, cv::_OutputArray const&)+0x2543
#
# Failed to write core dump. Core dumps have been disabled. To enable core dumping, try "ulimit -c unlimited" before starting Java again
#
# If you would like to submit a bug report, please visit:
#   http://bugreport.java.com/bugreport/crash.jsp
# The crash happened outside the Java Virtual Machine in native code.
# See problematic frame for where to report the bug.
#

---------------  T H R E A D  ---------------

Current thread (0x00007fbbba003800):  JavaThread "main" [_thread_in_native, id=4867, stack(0x000000010d887000,0x000000010d987000)]

siginfo: si_signo: 8 (SIGFPE), si_code: 7 (FPE_INTDIV), si_addr: 0x0000000127c826e3

Registers:
RAX=0x00000000000003ff, RBX=0x0000000000000001, RCX=0x0000000000000000, RDX=0x0000000000000000
RSP=0x000000010d985290, RBP=0x000000010d986540, RSI=0x0000000000000000, RDI=0x000000010d985501
R8 =0x0000000000000000, R9 =0x0000000000000000, R10=0x00007fbbb8727300, R11=0x0000000000000000
R12=0x0000000042ff0000, R13=0x0000000000000001, R14=0x0000000000020000, R15=0x000000010d986550
RIP=0x0000000127c826e3, EFLAGS=0x0000000000010246, ERR=0x0000000000000000
  TRAPNO=0x0000000000000000

Top of Stack: (sp=0x000000010d985290)
0x000000010d985290:   000000010d1a2d20 0000000000000000
0x000000010d9852a0:   0000000000000000 000000010d985f00
0x000000010d9852b0:   000000010d9852f0 000000010c98a640
0x000000010d9852c0:   0000003000000003 0000000000000001
0x000000010d9852d0:   0000000000000004 0000000000000008
0x000000010d9852e0:   000000010d985f40 ffffffffffffffff
0x000000010d9852f0:   000000010d985390 000000010c98ca06
0x000000010d985300:   000000010d985358 ffffffff00000000
0x000000010d985310:   0000000000000001 00000000000007d0
0x000000010d985320:   0000000000000000 ffffffffffffffff
0x000000010d985330:   000000010d985501 00007fff7d1916b8
0x000000010d985340:   0000000100020000 000000010d986550
0x000000010d985350:   000000010d986568 000000010ceb5639
0x000000010d985360:   000000010d9856b0 000007c700000018
0x000000010d985370:   00000001ffff0208 000000010d9856a8
0x000000010d985380:   00000001000007cf 00007fbbb872e680
0x000000010d985390:   000000010e249fff 000000010e249fa0
0x000000010d9853a0:   000000010d9853e0 000000010cdb19f6
0x000000010d9853b0:   00000030ffffffff 0000000000000001
0x000000010d9853c0:   0000000000000004 000000010d985440
0x000000010d9853d0:   000000010d985f40 ffffffffffffffff
0x000000010d9853e0:   000000010d985f10 000000010cdc87b7
0x000000010d9853f0:   0000000000000003 ffffffffffffffff
0x000000010d985400:   0000000000000000 0000000000000000
0x000000010d985410:   0000000000000000 0000000000000000
0x000000010d985420:   0000000000000000 0000000000000000
0x000000010d985430:   0000000000000000 00007fbbb872e680
0x000000010d985440:   0000000000000000 0000000032aaaba2
0x000000010d985450:   0000000000000000 0000000000000000
0x000000010d985460:   0000000000000000 0000000000000000
0x000000010d985470:   0000000000000000 0000000000000000
0x000000010d985480:   0000000000000000 0000000000000003 

Instructions: (pc=0x0000000127c826e3)
0x0000000127c826c3:   c1 48 c1 f9 20 48 8b 85 d8 f0 ff ff 48 8b 0c c8
0x0000000127c826d3:   48 89 8d e0 ed ff ff 48 8d 81 ff 03 00 00 31 d2
0x0000000127c826e3:   48 f7 f1 49 89 c6 48 8b 95 d0 f0 ff ff c7 04 24
0x0000000127c826f3:   00 00 00 00 31 c9 41 b8 ff ff ff ff 45 31 c9 4c 

Register to memory mapping:

RAX=0x00000000000003ff is an unknown value
RBX=0x0000000000000001 is an unknown value
RCX=0x0000000000000000 is an unknown value
RDX=0x0000000000000000 is an unknown value
RSP=0x000000010d985290 is pointing into the stack for thread: 0x00007fbbba003800
RBP=0x000000010d986540 is pointing into the stack for thread: 0x00007fbbba003800
RSI=0x0000000000000000 is an unknown value
RDI=0x000000010d985501 is pointing into the stack for thread: 0x00007fbbba003800
R8 =0x0000000000000000 is an unknown value
R9 =0x0000000000000000 is an unknown value
R10=0x00007fbbb8727300 is an unknown value
R11=0x0000000000000000 is an unknown value
R12=0x0000000042ff0000 is an unknown value
R13=0x0000000000000001 is an unknown value
R14=0x0000000000020000 is an unknown value
R15=0x000000010d986550 is pointing into the stack for thread: 0x00007fbbba003800


Stack: [0x000000010d887000,0x000000010d987000],  sp=0x000000010d985290,  free space=1016k
Native frames: (J=compiled Java code, j=interpreted, Vv=VM code, C=native code)
C  [libopencv_core.3.2.dylib+0xd6e3]  cv::inRange(cv::_InputArray const&, cv::_InputArray const&, cv::_InputArray const&, cv::_OutputArray const&)+0x2543
C  [libopencv_java320.dylib+0x2055a]  Java_org_opencv_core_Core_inRange_10+0xea
j  org.opencv.core.Core.inRange_0(JDDDDDDDDJ)V+0
j  org.opencv.core.Core.inRange(Lorg/opencv/core/Mat;Lorg/opencv/core/Scalar;Lorg/opencv/core/Scalar;Lorg/opencv/core/Mat;)V+56
j  Orientation.Detect2Dots(Ljava/lang/String;)Lorg/opencv/core/Mat;+63
j  Orientation.main([Ljava/lang/String;)V+10
v  ~StubRoutines::call_stub
V  [libjvm.dylib+0x2ed9d6]  JavaCalls::call_helper(JavaValue*, methodHandle*, JavaCallArguments*, Thread*)+0x6ae
V  [libjvm.dylib+0x3247ce]  jni_invoke_static(JNIEnv_*, JavaValue*, _jobject*, JNICallType, _jmethodID*, JNI_ArgumentPusher*, Thread*)+0x1bf
V  [libjvm.dylib+0x31d545]  jni_CallStaticVoidMethod+0x15d
C  [java+0x3931]  JavaMain+0x9c4
C  [libsystem_pthread.dylib+0x3268]  _pthread_body+0x83
C  [libsystem_pthread.dylib+0x31e5]  _pthread_body+0x0
C  [libsystem_pthread.dylib+0x141d]  thread_start+0xd
C  0x0000000000000000

Java frames: (J=compiled Java code, j=interpreted, Vv=VM code)
j  org.opencv.core.Core.inRange_0(JDDDDDDDDJ)V+0
j  org.opencv.core.Core.inRange(Lorg/opencv/core/Mat;Lorg/opencv/core/Scalar;Lorg/opencv/core/Scalar;Lorg/opencv/core/Mat;)V+56
j  Orientation.Detect2Dots(Ljava/lang/String;)Lorg/opencv/core/Mat;+63
j  Orientation.main([Ljava/lang/String;)V+10
v  ~StubRoutines::call_stub

---------------  P R O C E S S  ---------------

Java Threads: ( => current thread )
  0x00007fbbba063800 JavaThread "Service Thread" daemon [_thread_blocked, id=18179, stack(0x0000000125f87000,0x0000000126087000)]
  0x00007fbbb9839800 JavaThread "C1 CompilerThread2" daemon [_thread_blocked, id=17667, stack(0x0000000125e84000,0x0000000125f84000)]
  0x00007fbbb9839000 JavaThread "C2 CompilerThread1" daemon [_thread_blocked, id=17155, stack(0x0000000125d81000,0x0000000125e81000)]
  0x00007fbbb9827000 JavaThread "C2 CompilerThread0" daemon [_thread_blocked, id=16643, stack(0x0000000125c7e000,0x0000000125d7e000)]
  0x00007fbbb982b000 JavaThread "Signal Dispatcher" daemon [_thread_blocked, id=13335, stack(0x0000000125b7b000,0x0000000125c7b000)]
  0x00007fbbba001000 JavaThread "Finalizer" daemon [_thread_blocked, id=11523, stack(0x0000000124156000,0x0000000124256000)]
  0x00007fbbb8805000 JavaThread "Reference Handler" daemon [_thread_blocked, id=11011, stack(0x0000000124053000,0x0000000124153000)]
=>0x00007fbbba003800 JavaThread "main" [_thread_in_native, id=4867, stack(0x000000010d887000,0x000000010d987000)]

Other Threads:
  0x00007fbbb9009000 VMThread [stack: 0x0000000123f50000,0x0000000124050000] [id=10499]
  0x00007fbbb9826000 WatcherThread [stack: 0x000000012608a000,0x000000012618a000] [id=18691]

VM state:not at safepoint (normal execution)

VM Mutex/Monitor currently owned by a thread: None

Heap:
 PSYoungGen      total 38400K, used 1997K [0x0000000795580000, 0x0000000798000000, 0x00000007c0000000)
  eden space 33280K, 6% used [0x0000000795580000,0x0000000795773400,0x0000000797600000)
  from space 5120K, 0% used [0x0000000797b00000,0x0000000797b00000,0x0000000798000000)
  to   space 5120K, 0% used [0x0000000797600000,0x0000000797600000,0x0000000797b00000)
 ParOldGen       total 87552K, used 0K [0x0000000740000000, 0x0000000745580000, 0x0000000795580000)
  object space 87552K, 0% used [0x0000000740000000,0x0000000740000000,0x0000000745580000)
 Metaspace       used 3130K, capacity 4684K, committed 4864K, reserved 1056768K
  class space    used 334K, capacity 392K, committed 512K, reserved 1048576K

Card table byte_map: [0x000000011d5c0000,0x000000011d9c1000] byte_map_base: 0x0000000119bc0000

Marking Bits: (ParMarkBitMap*) 0x000000010d1bdd30
 Begin Bits: [0x000000011e078000, 0x0000000120078000)
 End Bits:   [0x0000000120078000, 0x0000000122078000)

Polling page: 0x000000010d9cc000

CodeCache: size=245760Kb used=1192Kb max_used=1192Kb free=244568Kb
 bounds [0x000000010e200000, 0x000000010e470000, 0x000000011d200000]
 total_blobs=369 nmethods=56 adapters=227
 compilation: enabled

Compilation events (10 events):
Event: 1.240 Thread 0x00007fbbb9839800   52       3       java.nio.charset.CharsetEncoder::maxBytesPerChar (5 bytes)
Event: 1.240 Thread 0x00007fbbb9839800 nmethod 52 0x000000010e327210 code [0x000000010e327360, 0x000000010e3274b0]
Event: 1.248 Thread 0x00007fbbb9839800   53       3       java.lang.AbstractStringBuilder::<init> (12 bytes)
Event: 1.248 Thread 0x00007fbbb9839800 nmethod 53 0x000000010e327510 code [0x000000010e327680, 0x000000010e3278d0]
Event: 1.269 Thread 0x00007fbbb9839800   54       3       java.lang.ref.SoftReference::get (29 bytes)
Event: 1.269 Thread 0x00007fbbb9839800 nmethod 54 0x000000010e329390 code [0x000000010e329500, 0x000000010e3296f0]
Event: 1.269 Thread 0x00007fbbb9839800   55       3       java.lang.String::endsWith (17 bytes)
Event: 1.269 Thread 0x00007fbbb9839800 nmethod 55 0x000000010e329750 code [0x000000010e3298c0, 0x000000010e329ae8]
Event: 1.280 Thread 0x00007fbbb9839800   56       1       java.net.URL::getHost (5 bytes)
Event: 1.280 Thread 0x00007fbbb9839800 nmethod 56 0x000000010e329c10 code [0x000000010e329d60, 0x000000010e329e70]

GC Heap History (0 events):
No events

Deoptimization events (0 events):
No events

Internal exceptions (10 events):
Event: 0.483 Thread 0x00007fbbba003800 Exception <a 'java/security/PrivilegedActionException'> (0x00000007956ce7e0) thrown at [/Users/java_re/workspace/8-2-build-macosx-x86_64/jdk8u121/8372/hotspot/src/share/vm/prims/jvm.cpp, line 1390]
Event: 0.484 Thread 0x00007fbbba003800 Exception <a 'java/util/zip/ZipException'> (0x00000007956cf568) thrown at [/Users/java_re/workspace/8-2-build-macosx-x86_64/jdk8u121/8372/hotspot/src/share/vm/prims/jni.cpp, line 709]
Event: 0.484 Thread 0x00007fbbba003800 Exception <a 'java/security/PrivilegedActionException'> (0x00000007956cf770) thrown at [/Users/java_re/workspace/8-2-build-macosx-x86_64/jdk8u121/8372/hotspot/src/share/vm/prims/jvm.cpp, line 1390]
Event: 0.484 Thread 0x00007fbbba003800 Exception <a 'java/security/PrivilegedActionException'> (0x00000007956cf980) thrown at [/Users/java_re/workspace/8-2-build-macosx-x86_64/jdk8u121/8372/hotspot/src/share/vm/prims/jvm.cpp, line 1390]
Event: 0.494 Thread 0x00007fbbba003800 Exception <a 'java/util/zip/ZipException'> (0x00000007956d0708) thrown at [/Users/java_re/workspace/8-2-build-macosx-x86_64/jdk8u121/8372/hotspot/src/share/vm/prims/jni.cpp, line 709]
Event: 0.494 Thread 0x00007fbbba003800 Exception <a 'java/security/PrivilegedActionException'> (0x00000007956d0910) thrown at [/Users/java_re/workspace/8-2-build-macosx-x86_64/jdk8u121/8372/hotspot/src/share/vm/prims/jvm.cpp, line 1390]
Event: 0.494 Thread 0x00007fbbba003800 Exception <a 'java/security/PrivilegedActionException'> (0x00000007956d0b20) thrown at [/Users/java_re/workspace/8-2-build-macosx-x86_64/jdk8u121/8372/hotspot/src/share/vm/prims/jvm.cpp, line 1390]
Event: 0.510 Thread 0x00007fbbba003800 Exception <a 'java/util/zip/ZipException'> (0x00000007956e2378) thrown at [/Users/java_re/workspace/8-2-build-macosx-x86_64/jdk8u121/8372/hotspot/src/share/vm/prims/jni.cpp, line 709]
Event: 0.510 Thread 0x00007fbbba003800 Exception <a 'java/security/PrivilegedActionException'> (0x00000007956e2580) thrown at [/Users/java_re/workspace/8-2-build-macosx-x86_64/jdk8u121/8372/hotspot/src/share/vm/prims/jvm.cpp, line 1390]
Event: 0.510 Thread 0x00007fbbba003800 Exception <a 'java/security/PrivilegedActionException'> (0x00000007956e2790) thrown at [/Users/java_re/workspace/8-2-build-macosx-x86_64/jdk8u121/8372/hotspot/src/share/vm/prims/jvm.cpp, line 1390]

Events (10 events):
Event: 1.240 loading class org/opencv/imgcodecs/Imgcodecs
Event: 1.240 loading class org/opencv/imgcodecs/Imgcodecs done
Event: 1.248 loading class org/opencv/core/MatOfByte
Event: 1.248 loading class org/opencv/core/MatOfByte done
Event: 1.249 loading class java/util/concurrent/ConcurrentHashMap$ForwardingNode
Event: 1.249 loading class java/util/concurrent/ConcurrentHashMap$ForwardingNode done
Event: 1.249 loading class java/lang/UnsupportedOperationException
Event: 1.249 loading class java/lang/UnsupportedOperationException done
Event: 1.268 loading class org/opencv/core/Scalar
Event: 1.268 loading class org/opencv/core/Scalar done


Dynamic libraries:
0x000000000c792000 	/System/Library/Frameworks/Cocoa.framework/Versions/A/Cocoa
0x000000000c792000 	/System/Library/Frameworks/Security.framework/Versions/A/Security
0x000000000c792000 	/System/Library/Frameworks/ApplicationServices.framework/Versions/A/ApplicationServices
0x000000000c792000 	/usr/lib/libz.1.dylib
0x000000000c792000 	/usr/lib/libSystem.B.dylib
0x000000000c792000 	/usr/lib/libobjc.A.dylib
0x000000000c792000 	/System/Library/Frameworks/CoreFoundation.framework/Versions/A/CoreFoundation
0x000000000c792000 	/System/Library/Frameworks/Foundation.framework/Versions/C/Foundation
0x000000000c792000 	/System/Library/Frameworks/AppKit.framework/Versions/C/AppKit
0x000000000c792000 	/System/Library/Frameworks/CoreData.framework/Versions/A/CoreData
0x000000000c792000 	/System/Library/PrivateFrameworks/RemoteViewServices.framework/Versions/A/RemoteViewServices
0x000000000c792000 	/System/Library/PrivateFrameworks/UIFoundation.framework/Versions/A/UIFoundation
0x000000000c792000 	/System/Library/Frameworks/IOSurface.framework/Versions/A/IOSurface
0x000000000c792000 	/System/Library/Frameworks/AudioToolbox.framework/Versions/A/AudioToolbox
0x000000000c792000 	/System/Library/Frameworks/AudioUnit.framework/Versions/A/AudioUnit
0x000000000c792000 	/System/Library/PrivateFrameworks/DataDetectorsCore.framework/Versions/A/DataDetectorsCore
0x000000000c792000 	/System/Library/PrivateFrameworks/DesktopServicesPriv.framework/Versions/A/DesktopServicesPriv
0x000000000c792000 	/System/Library/Frameworks/Carbon.framework/Versions/A/Frameworks/HIToolbox.framework/Versions/A/HIToolbox
0x000000000c792000 	/System/Library/Frameworks/QuartzCore.framework/Versions/A/QuartzCore
0x000000000c792000 	/System/Library/Frameworks/Carbon.framework/Versions/A/Frameworks/SpeechRecognition.framework/Versions/A/SpeechRecognition
0x000000000c792000 	/usr/lib/libauto.dylib
0x000000000c792000 	/usr/lib/libicucore.A.dylib
0x000000000c792000 	/usr/lib/libxml2.2.dylib
0x000000000c792000 	/System/Library/PrivateFrameworks/CoreUI.framework/Versions/A/CoreUI
0x000000000c792000 	/System/Library/Frameworks/CoreAudio.framework/Versions/A/CoreAudio
0x000000000c792000 	/System/Library/Frameworks/DiskArbitration.framework/Versions/A/DiskArbitration
0x000000000c792000 	/usr/lib/liblangid.dylib
0x000000000c792000 	/System/Library/PrivateFrameworks/MultitouchSupport.framework/Versions/A/MultitouchSupport
0x000000000c792000 	/System/Library/Frameworks/IOKit.framework/Versions/A/IOKit
0x000000000c792000 	/usr/lib/libDiagnosticMessagesClient.dylib
0x000000000c792000 	/System/Library/Frameworks/CoreServices.framework/Versions/A/CoreServices
0x000000000c792000 	/System/Library/PrivateFrameworks/PerformanceAnalysis.framework/Versions/A/PerformanceAnalysis
0x000000000c792000 	/System/Library/PrivateFrameworks/GenerationalStorage.framework/Versions/A/GenerationalStorage
0x000000000c792000 	/System/Library/Frameworks/OpenGL.framework/Versions/A/OpenGL
0x000000000c792000 	/System/Library/PrivateFrameworks/Sharing.framework/Versions/A/Sharing
0x000000000c792000 	/System/Library/Frameworks/CoreGraphics.framework/Versions/A/CoreGraphics
0x000000000c792000 	/System/Library/Frameworks/CoreText.framework/Versions/A/CoreText
0x000000000c792000 	/System/Library/Frameworks/ImageIO.framework/Versions/A/ImageIO
0x000000000c792000 	/usr/lib/libextension.dylib
0x000000000c792000 	/System/Library/PrivateFrameworks/Backup.framework/Versions/A/Backup
0x000000000c792000 	/usr/lib/libarchive.2.dylib
0x000000000c792000 	/System/Library/Frameworks/CFNetwork.framework/Versions/A/CFNetwork
0x000000000c792000 	/System/Library/Frameworks/SystemConfiguration.framework/Versions/A/SystemConfiguration
0x000000000c792000 	/usr/lib/libCRFSuite.dylib
0x000000000c792000 	/usr/lib/libc++.1.dylib
0x000000000c792000 	/usr/lib/libc++abi.dylib
0x000000000c792000 	/usr/lib/system/libcache.dylib
0x000000000c792000 	/usr/lib/system/libcommonCrypto.dylib
0x000000000c792000 	/usr/lib/system/libcompiler_rt.dylib
0x000000000c792000 	/usr/lib/system/libcopyfile.dylib
0x000000000c792000 	/usr/lib/system/libcorecrypto.dylib
0x000000000c792000 	/usr/lib/system/libdispatch.dylib
0x000000000c792000 	/usr/lib/system/libdyld.dylib
0x000000000c792000 	/usr/lib/system/libkeymgr.dylib
0x000000000c792000 	/usr/lib/system/liblaunch.dylib
0x000000000c792000 	/usr/lib/system/libmacho.dylib
0x000000000c792000 	/usr/lib/system/libquarantine.dylib
0x000000000c792000 	/usr/lib/system/libremovefile.dylib
0x000000000c792000 	/usr/lib/system/libsystem_asl.dylib
0x000000000c792000 	/usr/lib/system/libsystem_blocks.dylib
0x000000000c792000 	/usr/lib/system/libsystem_c.dylib
0x000000000c792000 	/usr/lib/system/libsystem_configuration.dylib
0x000000000c792000 	/usr/lib/system/libsystem_coreservices.dylib
0x000000000c792000 	/usr/lib/system/libsystem_coretls.dylib
0x000000000c792000 	/usr/lib/system/libsystem_dnssd.dylib
0x000000000c792000 	/usr/lib/system/libsystem_info.dylib
0x000000000c792000 	/usr/lib/system/libsystem_kernel.dylib
0x000000000c792000 	/usr/lib/system/libsystem_m.dylib
0x000000000c792000 	/usr/lib/system/libsystem_malloc.dylib
0x000000000c792000 	/usr/lib/system/libsystem_network.dylib
0x000000000c792000 	/usr/lib/system/libsystem_networkextension.dylib
0x000000000c792000 	/usr/lib/system/libsystem_notify.dylib
0x000000000c792000 	/usr/lib/system/libsystem_platform.dylib
0x000000000c792000 	/usr/lib/system/libsystem_pthread.dylib
0x000000000c792000 	/usr/lib/system/libsystem_sandbox.dylib
0x000000000c792000 	/usr/lib/system/libsystem_secinit.dylib
0x000000000c792000 	/usr/lib/system/libsystem_stats.dylib
0x000000000c792000 	/usr/lib/system/libsystem_trace.dylib
0x000000000c792000 	/usr/lib/system/libunc.dylib
0x000000000c792000 	/usr/lib/system/libunwind.dylib
0x000000000c792000 	/usr/lib/system/libxpc.dylib
0x000000000c792000 	/usr/lib/libbz2.1.0.dylib
0x000000000c792000 	/usr/lib/liblzma.5.dylib
0x000000000c792000 	/usr/lib/libbsm.0.dylib
0x000000000c792000 	/usr/lib/libsqlite3.dylib
0x000000000c792000 	/usr/lib/system/libkxld.dylib
0x000000000c792000 	/usr/lib/libxar.1.dylib
0x000000000c792000 	/usr/lib/libpam.2.dylib
0x000000000c792000 	/usr/lib/libOpenScriptingUtil.dylib
0x000000000c792000 	/System/Library/Frameworks/CoreServices.framework/Versions/A/Frameworks/FSEvents.framework/Versions/A/FSEvents
0x000000000c792000 	/System/Library/Frameworks/CoreServices.framework/Versions/A/Frameworks/CarbonCore.framework/Versions/A/CarbonCore
0x000000000c792000 	/System/Library/Frameworks/CoreServices.framework/Versions/A/Frameworks/Metadata.framework/Versions/A/Metadata
0x000000000c792000 	/System/Library/Frameworks/CoreServices.framework/Versions/A/Frameworks/OSServices.framework/Versions/A/OSServices
0x000000000c792000 	/System/Library/Frameworks/CoreServices.framework/Versions/A/Frameworks/SearchKit.framework/Versions/A/SearchKit
0x000000000c792000 	/System/Library/Frameworks/CoreServices.framework/Versions/A/Frameworks/AE.framework/Versions/A/AE
0x000000000c792000 	/System/Library/Frameworks/CoreServices.framework/Versions/A/Frameworks/LaunchServices.framework/Versions/A/LaunchServices
0x000000000c792000 	/System/Library/Frameworks/CoreServices.framework/Versions/A/Frameworks/DictionaryServices.framework/Versions/A/DictionaryServices
0x000000000c792000 	/System/Library/Frameworks/NetFS.framework/Versions/A/NetFS
0x000000000c792000 	/System/Library/PrivateFrameworks/NetAuth.framework/Versions/A/NetAuth
0x000000000c792000 	/System/Library/PrivateFrameworks/login.framework/Versions/A/Frameworks/loginsupport.framework/Versions/A/loginsupport
0x000000000c792000 	/System/Library/PrivateFrameworks/TCC.framework/Versions/A/TCC
0x000000000c792000 	/usr/lib/libmecabra.dylib
0x000000000c792000 	/System/Library/Frameworks/ApplicationServices.framework/Versions/A/Frameworks/ATS.framework/Versions/A/ATS
0x000000000c792000 	/System/Library/Frameworks/ApplicationServices.framework/Versions/A/Frameworks/ColorSync.framework/Versions/A/ColorSync
0x000000000c792000 	/System/Library/Frameworks/ApplicationServices.framework/Versions/A/Frameworks/HIServices.framework/Versions/A/HIServices
0x000000000c792000 	/System/Library/Frameworks/ApplicationServices.framework/Versions/A/Frameworks/LangAnalysis.framework/Versions/A/LangAnalysis
0x000000000c792000 	/System/Library/Frameworks/ApplicationServices.framework/Versions/A/Frameworks/PrintCore.framework/Versions/A/PrintCore
0x000000000c792000 	/System/Library/Frameworks/ApplicationServices.framework/Versions/A/Frameworks/QD.framework/Versions/A/QD
0x000000000c792000 	/System/Library/Frameworks/ApplicationServices.framework/Versions/A/Frameworks/SpeechSynthesis.framework/Versions/A/SpeechSynthesis
0x000000000c792000 	/System/Library/Frameworks/Accelerate.framework/Versions/A/Accelerate
0x000000000c792000 	/System/Library/Frameworks/Accelerate.framework/Versions/A/Frameworks/vImage.framework/Versions/A/vImage
0x000000000c792000 	/System/Library/Frameworks/Accelerate.framework/Versions/A/Frameworks/vecLib.framework/Versions/A/vecLib
0x000000000c792000 	/System/Library/Frameworks/Accelerate.framework/Versions/A/Frameworks/vecLib.framework/Versions/A/libvDSP.dylib
0x000000000c792000 	/System/Library/Frameworks/Accelerate.framework/Versions/A/Frameworks/vecLib.framework/Versions/A/libvMisc.dylib
0x000000000c792000 	/System/Library/Frameworks/Accelerate.framework/Versions/A/Frameworks/vecLib.framework/Versions/A/libLAPACK.dylib
0x000000000c792000 	/System/Library/Frameworks/Accelerate.framework/Versions/A/Frameworks/vecLib.framework/Versions/A/libBLAS.dylib
0x000000000c792000 	/System/Library/Frameworks/Accelerate.framework/Versions/A/Frameworks/vecLib.framework/Versions/A/libLinearAlgebra.dylib
0x000000000c792000 	/System/Library/Frameworks/ApplicationServices.framework/Versions/A/Frameworks/ATS.framework/Versions/A/Resources/libFontParser.dylib
0x000000000c792000 	/System/Library/Frameworks/ApplicationServices.framework/Versions/A/Frameworks/ATS.framework/Versions/A/Resources/libFontRegistry.dylib
0x000000000c792000 	/System/Library/PrivateFrameworks/AppleVPA.framework/Versions/A/AppleVPA
0x000000000c792000 	/System/Library/PrivateFrameworks/AppleJPEG.framework/Versions/A/AppleJPEG
0x000000000c792000 	/System/Library/Frameworks/ImageIO.framework/Versions/A/Resources/libJPEG.dylib
0x000000000c792000 	/System/Library/Frameworks/ImageIO.framework/Versions/A/Resources/libTIFF.dylib
0x000000000c792000 	/System/Library/Frameworks/ImageIO.framework/Versions/A/Resources/libPng.dylib
0x000000000c792000 	/System/Library/Frameworks/ImageIO.framework/Versions/A/Resources/libGIF.dylib
0x000000000c792000 	/System/Library/Frameworks/ImageIO.framework/Versions/A/Resources/libJP2.dylib
0x000000000c792000 	/System/Library/Frameworks/ImageIO.framework/Versions/A/Resources/libRadiance.dylib
0x000000000c792000 	/System/Library/Frameworks/CoreVideo.framework/Versions/A/CoreVideo
0x000000000c792000 	/System/Library/Frameworks/OpenGL.framework/Versions/A/Libraries/libGLU.dylib
0x000000000c792000 	/System/Library/Frameworks/OpenGL.framework/Versions/A/Libraries/libGFXShared.dylib
0x000000000c792000 	/System/Library/Frameworks/OpenGL.framework/Versions/A/Libraries/libGL.dylib
0x000000000c792000 	/System/Library/Frameworks/OpenGL.framework/Versions/A/Libraries/libGLImage.dylib
0x000000000c792000 	/System/Library/Frameworks/OpenGL.framework/Versions/A/Libraries/libCVMSPluginSupport.dylib
0x000000000c792000 	/System/Library/Frameworks/OpenGL.framework/Versions/A/Libraries/libCoreVMClient.dylib
0x000000000c792000 	/usr/lib/libcups.2.dylib
0x000000000c792000 	/System/Library/Frameworks/Kerberos.framework/Versions/A/Kerberos
0x000000000c792000 	/System/Library/Frameworks/GSS.framework/Versions/A/GSS
0x000000000c792000 	/usr/lib/libresolv.9.dylib
0x000000000c792000 	/usr/lib/libiconv.2.dylib
0x000000000c792000 	/System/Library/PrivateFrameworks/Heimdal.framework/Versions/A/Heimdal
0x000000000c792000 	/usr/lib/libheimdal-asn1.dylib
0x000000000c792000 	/System/Library/Frameworks/OpenDirectory.framework/Versions/A/OpenDirectory
0x000000000c792000 	/System/Library/PrivateFrameworks/CommonAuth.framework/Versions/A/CommonAuth
0x000000000c792000 	/System/Library/Frameworks/OpenDirectory.framework/Versions/A/Frameworks/CFOpenDirectory.framework/Versions/A/CFOpenDirectory
0x000000000c792000 	/System/Library/Frameworks/SecurityFoundation.framework/Versions/A/SecurityFoundation
0x000000000c792000 	/System/Library/PrivateFrameworks/LanguageModeling.framework/Versions/A/LanguageModeling
0x000000000c792000 	/usr/lib/libcmph.dylib
0x000000000c792000 	/System/Library/Frameworks/ServiceManagement.framework/Versions/A/ServiceManagement
0x000000000c792000 	/usr/lib/libxslt.1.dylib
0x000000000c792000 	/System/Library/Frameworks/Carbon.framework/Versions/A/Frameworks/Ink.framework/Versions/A/Ink
0x000000000c792000 	/System/Library/Frameworks/QuartzCore.framework/Versions/A/Frameworks/CoreImage.framework/Versions/A/CoreImage
0x000000000c792000 	/System/Library/PrivateFrameworks/CrashReporterSupport.framework/Versions/A/CrashReporterSupport
0x000000000c792000 	/System/Library/Frameworks/OpenCL.framework/Versions/A/OpenCL
0x000000000c792000 	/System/Library/PrivateFrameworks/FaceCore.framework/Versions/A/FaceCore
0x000000000c792000 	/System/Library/PrivateFrameworks/Ubiquity.framework/Versions/A/Ubiquity
0x000000000c792000 	/System/Library/PrivateFrameworks/IconServices.framework/Versions/A/IconServices
0x000000000c792000 	/System/Library/PrivateFrameworks/ChunkingLibrary.framework/Versions/A/ChunkingLibrary
0x000000000c792000 	/System/Library/PrivateFrameworks/Apple80211.framework/Versions/A/Apple80211
0x000000000c792000 	/System/Library/Frameworks/CoreWLAN.framework/Versions/A/CoreWLAN
0x000000000c792000 	/System/Library/Frameworks/IOBluetooth.framework/Versions/A/IOBluetooth
0x000000000c792000 	/System/Library/PrivateFrameworks/CoreWiFi.framework/Versions/A/CoreWiFi
0x000000000c792000 	/System/Library/Frameworks/CoreBluetooth.framework/Versions/A/CoreBluetooth
0x000000000c792000 	/System/Library/PrivateFrameworks/DebugSymbols.framework/Versions/A/DebugSymbols
0x000000000c792000 	/System/Library/PrivateFrameworks/CoreSymbolication.framework/Versions/A/CoreSymbolication
0x000000000c792000 	/System/Library/PrivateFrameworks/Symbolication.framework/Versions/A/Symbolication
0x000000000c792000 	/System/Library/PrivateFrameworks/SpeechRecognitionCore.framework/Versions/A/SpeechRecognitionCore
0x000000010c8cd000 	/Library/Java/JavaVirtualMachines/jdk1.8.0_121.jdk/Contents/Home/jre/lib/server/libjvm.dylib
0x000000000c792000 	/usr/lib/libstdc++.6.dylib
0x000000010d989000 	/Library/Java/JavaVirtualMachines/jdk1.8.0_121.jdk/Contents/Home/jre/lib/libverify.dylib
0x000000010d997000 	/Library/Java/JavaVirtualMachines/jdk1.8.0_121.jdk/Contents/Home/jre/lib/libjava.dylib
0x000000010d9d6000 	/Library/Java/JavaVirtualMachines/jdk1.8.0_121.jdk/Contents/Home/jre/lib/libzip.dylib
0x0000000124258000 	/System/Library/Frameworks/JavaVM.framework/Frameworks/JavaRuntimeSupport.framework/JavaRuntimeSupport
0x0000000124270000 	/System/Library/Frameworks/JavaVM.framework/Versions/A/Frameworks/JavaNativeFoundation.framework/Versions/A/JavaNativeFoundation
0x0000000124285000 	/System/Library/Frameworks/JavaVM.framework/Versions/A/JavaVM
0x000000000c792000 	/System/Library/Frameworks/Carbon.framework/Versions/A/Carbon
0x0000000124292000 	/System/Library/PrivateFrameworks/JavaLaunching.framework/Versions/A/JavaLaunching
0x000000000c792000 	/System/Library/Frameworks/Carbon.framework/Versions/A/Frameworks/CommonPanels.framework/Versions/A/CommonPanels
0x000000000c792000 	/System/Library/Frameworks/Carbon.framework/Versions/A/Frameworks/Help.framework/Versions/A/Help
0x000000000c792000 	/System/Library/Frameworks/Carbon.framework/Versions/A/Frameworks/ImageCapture.framework/Versions/A/ImageCapture
0x000000000c792000 	/System/Library/Frameworks/Carbon.framework/Versions/A/Frameworks/OpenScripting.framework/Versions/A/OpenScripting
0x000000000c792000 	/System/Library/Frameworks/Carbon.framework/Versions/A/Frameworks/Print.framework/Versions/A/Print
0x000000000c792000 	/System/Library/Frameworks/Carbon.framework/Versions/A/Frameworks/SecurityHI.framework/Versions/A/SecurityHI
0x00000001261cd000 	/Users/elias_debaere/Downloads/opencv-3.2.0/lib/libopencv_java320.dylib
0x00000001262c2000 	/Users/elias_debaere/Downloads/opencv-3.2.0/lib/libopencv_photo.3.2.dylib
0x00000001263a7000 	/Users/elias_debaere/Downloads/opencv-3.2.0/lib/libopencv_video.3.2.dylib
0x0000000126418000 	/Users/elias_debaere/Downloads/opencv-3.2.0/lib/libopencv_objdetect.3.2.dylib
0x0000000126489000 	/Users/elias_debaere/Downloads/opencv-3.2.0/lib/libopencv_calib3d.3.2.dylib
0x0000000126655000 	/Users/elias_debaere/Downloads/opencv-3.2.0/lib/libopencv_features2d.3.2.dylib
0x0000000126716000 	/Users/elias_debaere/Downloads/opencv-3.2.0/lib/libopencv_flann.3.2.dylib
0x0000000126781000 	/Users/elias_debaere/Downloads/opencv-3.2.0/lib/libopencv_ml.3.2.dylib
0x0000000126847000 	/Users/elias_debaere/Downloads/opencv-3.2.0/lib/libopencv_highgui.3.2.dylib
0x0000000126858000 	/Users/elias_debaere/Downloads/opencv-3.2.0/lib/libopencv_videoio.3.2.dylib
0x000000012687d000 	/Users/elias_debaere/Downloads/opencv-3.2.0/lib/libopencv_imgcodecs.3.2.dylib
0x0000000126b29000 	/Users/elias_debaere/Downloads/opencv-3.2.0/lib/libopencv_imgproc.3.2.dylib
0x0000000127c75000 	/Users/elias_debaere/Downloads/opencv-3.2.0/lib/libopencv_core.3.2.dylib
0x000000000c792000 	/System/Library/Frameworks/AVFoundation.framework/Versions/A/AVFoundation
0x000000000c792000 	/System/Library/Frameworks/CoreMedia.framework/Versions/A/CoreMedia
0x000000000c792000 	/System/Library/Frameworks/AVFoundation.framework/Versions/A/Resources/libAVFAudio.dylib
0x000000000c792000 	/System/Library/Frameworks/MediaToolbox.framework/Versions/A/MediaToolbox
0x000000000c792000 	/System/Library/Frameworks/VideoToolbox.framework/Versions/A/VideoToolbox
0x000000000c792000 	/System/Library/Frameworks/CoreMediaIO.framework/Versions/A/CoreMediaIO
0x000000000c792000 	/System/Library/PrivateFrameworks/MediaControlSender.framework/Versions/A/MediaControlSender
0x000000000c792000 	/System/Library/PrivateFrameworks/CoreAVCHD.framework/Versions/A/CoreAVCHD
0x000000000c792000 	/System/Library/Frameworks/MediaAccessibility.framework/Versions/A/MediaAccessibility
0x000000000c792000 	/System/Library/PrivateFrameworks/Mangrove.framework/Versions/A/Mangrove
0x000000000c792000 	/System/Library/PrivateFrameworks/CoreAUC.framework/Versions/A/CoreAUC
0x000000000c792000 	/System/Library/PrivateFrameworks/NetworkStatistics.framework/Versions/A/NetworkStatistics
0x000000000c792000 	/System/Library/PrivateFrameworks/AppleSRP.framework/Versions/A/AppleSRP
0x000000000c792000 	/System/Library/PrivateFrameworks/AirPlaySupport.framework/Versions/A/AirPlaySupport
0x000000000c792000 	/System/Library/PrivateFrameworks/CoreUtils.framework/Versions/A/CoreUtils
0x000000000c792000 	/System/Library/PrivateFrameworks/AppleVA.framework/Versions/A/AppleVA
0x000000000c792000 	/System/Library/PrivateFrameworks/XPCService.framework/Versions/A/XPCService
0x000000000c792000 	/System/Library/PrivateFrameworks/AppSandbox.framework/Versions/A/AppSandbox
0x000000000c792000 	/usr/lib/libsandbox.1.dylib
0x000000000c792000 	/System/Library/PrivateFrameworks/AppContainer.framework/Versions/A/AppContainer
0x000000000c792000 	/System/Library/PrivateFrameworks/SecCodeWrapper.framework/Versions/A/SecCodeWrapper
0x000000000c792000 	/usr/lib/libMatch.1.dylib
0x000000000c792000 	/System/Library/Frameworks/OpenCL.framework/Versions/A/Libraries/libcldcpuengine.dylib
0x000000000c792000 	/System/Library/PrivateFrameworks/DiskImages.framework/Versions/A/DiskImages
0x000000000c792000 	/System/Library/Frameworks/DiscRecording.framework/Versions/A/DiscRecording
0x000000000c792000 	/usr/lib/libcsfde.dylib
0x000000000c792000 	/usr/lib/libcurl.4.dylib
0x000000000c792000 	/System/Library/PrivateFrameworks/MediaKit.framework/Versions/A/MediaKit
0x000000000c792000 	/System/Library/PrivateFrameworks/ProtectedCloudStorage.framework/Versions/A/ProtectedCloudStorage
0x000000000c792000 	/usr/lib/libCoreStorage.dylib
0x000000000c792000 	/System/Library/PrivateFrameworks/EFILogin.framework/Versions/A/EFILogin
0x000000000c792000 	/usr/lib/libutil.dylib
0x000000000c792000 	/System/Library/PrivateFrameworks/FindMyDevice.framework/Versions/A/FindMyDevice
0x000000000c792000 	/System/Library/Frameworks/LDAP.framework/Versions/A/LDAP
0x000000000c792000 	/usr/lib/libsasl2.2.dylib
0x000000000c792000 	/System/Library/PrivateFrameworks/CoreDaemon.framework/Versions/B/CoreDaemon
0x000000000c792000 	/usr/lib/libcrypto.0.9.8.dylib
0x000000000c792000 	/System/Library/PrivateFrameworks/TrustEvaluationAgent.framework/Versions/A/TrustEvaluationAgent
0x0000000000000000 	/System/Library/Extensions/AppleIntelHD4000GraphicsGLDriver.bundle/Contents/MacOS/AppleIntelHD4000GraphicsGLDriver
0x000000000c792000 	/System/Library/PrivateFrameworks/IOAccelerator.framework/Versions/A/IOAccelerator
0x000000000c792000 	/System/Library/Frameworks/OpenGL.framework/Versions/A/Libraries/libGLProgrammability.dylib
0x000000000c792000 	/System/Library/PrivateFrameworks/GPUSupport.framework/Versions/A/Libraries/libGPUSupportMercury.dylib
0x000000000c792000 	/System/Library/Frameworks/OpenGL.framework/Versions/A/Resources/GLRendererFloat.bundle/GLRendererFloat

VM Arguments:
jvm_args: -Djava.library.path=/Users/elias_debaere/Downloads/opencv-3.2.0/lib -Dfile.encoding=UTF-8 
java_command: Orientation
java_class_path (initial): /Users/elias_debaere/GitHub/ICTM2A/bin:/Users/elias_debaere/Downloads/opencv-3.2.0/bin/opencv-320.jar
Launcher Type: SUN_STANDARD

Environment Variables:
PATH=/usr/bin:/bin:/usr/sbin:/sbin
SHELL=/bin/bash
DISPLAY=/private/tmp/com.apple.launchd.kGCbB7NMae/org.macosforge.xquartz:0

Signal Handlers:
SIGSEGV: [libjvm.dylib+0x5b1141], sa_mask[0]=11111111011111110111111111111111, sa_flags=SA_ONSTACK|SA_RESTART|SA_SIGINFO
SIGBUS: [libjvm.dylib+0x5b1141], sa_mask[0]=11111111011111110111111111111111, sa_flags=SA_RESTART|SA_SIGINFO
SIGFPE: [libjvm.dylib+0x487bc4], sa_mask[0]=11111111011111110111111111111111, sa_flags=SA_RESTART|SA_SIGINFO
SIGPIPE: [libjvm.dylib+0x487bc4], sa_mask[0]=11111111011111110111111111111111, sa_flags=SA_RESTART|SA_SIGINFO
SIGXFSZ: [libjvm.dylib+0x487bc4], sa_mask[0]=11111111011111110111111111111111, sa_flags=SA_RESTART|SA_SIGINFO
SIGILL: [libjvm.dylib+0x487bc4], sa_mask[0]=11111111011111110111111111111111, sa_flags=SA_RESTART|SA_SIGINFO
SIGUSR1: SIG_DFL, sa_mask[0]=00000000000000000000000000000000, sa_flags=none
SIGUSR2: [libjvm.dylib+0x4876e2], sa_mask[0]=00100000000000000000000000000000, sa_flags=SA_RESTART|SA_SIGINFO
SIGHUP: [libjvm.dylib+0x485cb9], sa_mask[0]=11111111011111110111111111111111, sa_flags=SA_RESTART|SA_SIGINFO
SIGINT: [libjvm.dylib+0x485cb9], sa_mask[0]=11111111011111110111111111111111, sa_flags=SA_RESTART|SA_SIGINFO
SIGTERM: [libjvm.dylib+0x485cb9], sa_mask[0]=11111111011111110111111111111111, sa_flags=SA_RESTART|SA_SIGINFO
SIGQUIT: [libjvm.dylib+0x485cb9], sa_mask[0]=11111111011111110111111111111111, sa_flags=SA_RESTART|SA_SIGINFO


---------------  S Y S T E M  ---------------

OS:Bsduname:Darwin 14.4.0 Darwin Kernel Version 14.4.0: Thu May 28 11:35:04 PDT 2015; root:xnu-2782.30.5~1/RELEASE_X86_64 x86_64
rlimit: STACK 8192k, CORE 0k, NPROC 709, NOFILE 10240, AS infinity
load average:1.80 1.79 2.80

CPU:total 4 (2 cores per cpu, 2 threads per core) family 6 model 58 stepping 9, cmov, cx8, fxsr, mmx, sse, sse2, sse3, ssse3, sse4.1, sse4.2, popcnt, avx, aes, clmul, erms, ht, tsc, tscinvbit, tscinv

Memory: 4k page, physical 8388608k(30396k free)

/proc/meminfo:


vm_info: Java HotSpot(TM) 64-Bit Server VM (25.121-b13) for bsd-amd64 JRE (1.8.0_121-b13), built on Dec 12 2016 20:39:32 by "java_re" with gcc 4.2.1 (Based on Apple Inc. build 5658) (LLVM build 2336.11.00)

time: Fri Apr 14 17:40:30 2017
elapsed time: 1 seconds (0d 0h 0m 1s)

